{"total": {"lines":{"total":2511,"covered":920,"skipped":0,"pct":36.63},"statements":{"total":2712,"covered":989,"skipped":0,"pct":36.46},"functions":{"total":357,"covered":116,"skipped":0,"pct":32.49},"branches":{"total":1536,"covered":485,"skipped":0,"pct":31.57},"branchesTrue":{"total":0,"covered":0,"skipped":0,"pct":100}}
,"D:\\rouca\\DVM\\workPlace\\dxb_real\\apps\\api\\src\\app.controller.ts": {"lines":{"total":12,"covered":11,"skipped":0,"pct":91.66},"functions":{"total":3,"covered":2,"skipped":0,"pct":66.66},"statements":{"total":14,"covered":13,"skipped":0,"pct":92.85},"branches":{"total":8,"covered":6,"skipped":0,"pct":75}}
,"D:\\rouca\\DVM\\workPlace\\dxb_real\\apps\\api\\src\\app.module.ts": {"lines":{"total":21,"covered":0,"skipped":0,"pct":0},"functions":{"total":0,"covered":0,"skipped":0,"pct":100},"statements":{"total":23,"covered":0,"skipped":0,"pct":0},"branches":{"total":2,"covered":0,"skipped":0,"pct":0}}
,"D:\\rouca\\DVM\\workPlace\\dxb_real\\apps\\api\\src\\app.service.ts": {"lines":{"total":3,"covered":3,"skipped":0,"pct":100},"functions":{"total":1,"covered":1,"skipped":0,"pct":100},"statements":{"total":5,"covered":5,"skipped":0,"pct":100},"branches":{"total":0,"covered":0,"skipped":0,"pct":100}}
,"D:\\rouca\\DVM\\workPlace\\dxb_real\\apps\\api\\src\\config.ts": {"lines":{"total":3,"covered":2,"skipped":0,"pct":66.66},"functions":{"total":2,"covered":1,"skipped":0,"pct":50},"statements":{"total":3,"covered":2,"skipped":0,"pct":66.66},"branches":{"total":2,"covered":2,"skipped":0,"pct":100}}
,"D:\\rouca\\DVM\\workPlace\\dxb_real\\apps\\api\\src\\main.ts": {"lines":{"total":14,"covered":0,"skipped":0,"pct":0},"functions":{"total":1,"covered":0,"skipped":0,"pct":0},"statements":{"total":14,"covered":0,"skipped":0,"pct":0},"branches":{"total":8,"covered":0,"skipped":0,"pct":0}}
,"D:\\rouca\\DVM\\workPlace\\dxb_real\\apps\\api\\src\\agent\\agent-kernel.controller.ts": {"lines":{"total":22,"covered":0,"skipped":0,"pct":0},"functions":{"total":6,"covered":0,"skipped":0,"pct":0},"statements":{"total":24,"covered":0,"skipped":0,"pct":0},"branches":{"total":12,"covered":0,"skipped":0,"pct":0}}
,"D:\\rouca\\DVM\\workPlace\\dxb_real\\apps\\api\\src\\agent\\agent-kernel.service.ts": {"lines":{"total":15,"covered":8,"skipped":0,"pct":53.33},"functions":{"total":6,"covered":3,"skipped":0,"pct":50},"statements":{"total":17,"covered":10,"skipped":0,"pct":58.82},"branches":{"total":9,"covered":4,"skipped":0,"pct":44.44}}
,"D:\\rouca\\DVM\\workPlace\\dxb_real\\apps\\api\\src\\agent\\agent-message-broker.service.ts": {"lines":{"total":12,"covered":8,"skipped":0,"pct":66.66},"functions":{"total":3,"covered":2,"skipped":0,"pct":66.66},"statements":{"total":14,"covered":10,"skipped":0,"pct":71.42},"branches":{"total":11,"covered":6,"skipped":0,"pct":54.54}}
,"D:\\rouca\\DVM\\workPlace\\dxb_real\\apps\\api\\src\\agent\\agent-messages.controller.ts": {"lines":{"total":14,"covered":0,"skipped":0,"pct":0},"functions":{"total":3,"covered":0,"skipped":0,"pct":0},"statements":{"total":16,"covered":0,"skipped":0,"pct":0},"branches":{"total":13,"covered":0,"skipped":0,"pct":0}}
,"D:\\rouca\\DVM\\workPlace\\dxb_real\\apps\\api\\src\\agent\\agent-queue.processor.ts": {"lines":{"total":41,"covered":0,"skipped":0,"pct":0},"functions":{"total":7,"covered":0,"skipped":0,"pct":0},"statements":{"total":44,"covered":0,"skipped":0,"pct":0},"branches":{"total":30,"covered":0,"skipped":0,"pct":0}}
,"D:\\rouca\\DVM\\workPlace\\dxb_real\\apps\\api\\src\\agent\\agent.controller.ts": {"lines":{"total":49,"covered":0,"skipped":0,"pct":0},"functions":{"total":17,"covered":0,"skipped":0,"pct":0},"statements":{"total":51,"covered":0,"skipped":0,"pct":0},"branches":{"total":10,"covered":0,"skipped":0,"pct":0}}
,"D:\\rouca\\DVM\\workPlace\\dxb_real\\apps\\api\\src\\agent\\agent.module.ts": {"lines":{"total":33,"covered":0,"skipped":0,"pct":0},"functions":{"total":0,"covered":0,"skipped":0,"pct":100},"statements":{"total":35,"covered":0,"skipped":0,"pct":0},"branches":{"total":0,"covered":0,"skipped":0,"pct":100}}
,"D:\\rouca\\DVM\\workPlace\\dxb_real\\apps\\api\\src\\agent\\agent.service.ts": {"lines":{"total":340,"covered":143,"skipped":0,"pct":42.05},"functions":{"total":54,"covered":23,"skipped":0,"pct":42.59},"statements":{"total":347,"covered":145,"skipped":0,"pct":41.78},"branches":{"total":188,"covered":72,"skipped":0,"pct":38.29}}
,"D:\\rouca\\DVM\\workPlace\\dxb_real\\apps\\api\\src\\agent\\benchmark-runner.service.ts": {"lines":{"total":48,"covered":36,"skipped":0,"pct":75},"functions":{"total":5,"covered":4,"skipped":0,"pct":80},"statements":{"total":50,"covered":38,"skipped":0,"pct":76},"branches":{"total":16,"covered":12,"skipped":0,"pct":75}}
,"D:\\rouca\\DVM\\workPlace\\dxb_real\\apps\\api\\src\\agent\\consensus-coordinator.service.ts": {"lines":{"total":43,"covered":26,"skipped":0,"pct":60.46},"functions":{"total":2,"covered":2,"skipped":0,"pct":100},"statements":{"total":45,"covered":28,"skipped":0,"pct":62.22},"branches":{"total":20,"covered":10,"skipped":0,"pct":50}}
,"D:\\rouca\\DVM\\workPlace\\dxb_real\\apps\\api\\src\\agent\\continuous-execution.service.ts": {"lines":{"total":100,"covered":38,"skipped":0,"pct":38},"functions":{"total":3,"covered":2,"skipped":0,"pct":66.66},"statements":{"total":103,"covered":40,"skipped":0,"pct":38.83},"branches":{"total":50,"covered":18,"skipped":0,"pct":36}}
,"D:\\rouca\\DVM\\workPlace\\dxb_real\\apps\\api\\src\\agent\\cross-goal-pattern-extractor.service.ts": {"lines":{"total":14,"covered":14,"skipped":0,"pct":100},"functions":{"total":2,"covered":2,"skipped":0,"pct":100},"statements":{"total":16,"covered":16,"skipped":0,"pct":100},"branches":{"total":8,"covered":6,"skipped":0,"pct":75}}
,"D:\\rouca\\DVM\\workPlace\\dxb_real\\apps\\api\\src\\agent\\goal.controller.ts": {"lines":{"total":16,"covered":0,"skipped":0,"pct":0},"functions":{"total":4,"covered":0,"skipped":0,"pct":0},"statements":{"total":18,"covered":0,"skipped":0,"pct":0},"branches":{"total":8,"covered":0,"skipped":0,"pct":0}}
,"D:\\rouca\\DVM\\workPlace\\dxb_real\\apps\\api\\src\\agent\\goal.service.ts": {"lines":{"total":83,"covered":75,"skipped":0,"pct":90.36},"functions":{"total":14,"covered":14,"skipped":0,"pct":100},"statements":{"total":90,"covered":82,"skipped":0,"pct":91.11},"branches":{"total":46,"covered":34,"skipped":0,"pct":73.91}}
,"D:\\rouca\\DVM\\workPlace\\dxb_real\\apps\\api\\src\\agent\\human-escalation.controller.ts": {"lines":{"total":14,"covered":0,"skipped":0,"pct":0},"functions":{"total":4,"covered":0,"skipped":0,"pct":0},"statements":{"total":16,"covered":0,"skipped":0,"pct":0},"branches":{"total":6,"covered":0,"skipped":0,"pct":0}}
,"D:\\rouca\\DVM\\workPlace\\dxb_real\\apps\\api\\src\\agent\\institutional-outcome-analyzer.service.ts": {"lines":{"total":21,"covered":19,"skipped":0,"pct":90.47},"functions":{"total":2,"covered":2,"skipped":0,"pct":100},"statements":{"total":23,"covered":21,"skipped":0,"pct":91.3},"branches":{"total":18,"covered":13,"skipped":0,"pct":72.22}}
,"D:\\rouca\\DVM\\workPlace\\dxb_real\\apps\\api\\src\\agent\\knowledge-graph.controller.ts": {"lines":{"total":16,"covered":0,"skipped":0,"pct":0},"functions":{"total":4,"covered":0,"skipped":0,"pct":0},"statements":{"total":18,"covered":0,"skipped":0,"pct":0},"branches":{"total":8,"covered":0,"skipped":0,"pct":0}}
,"D:\\rouca\\DVM\\workPlace\\dxb_real\\apps\\api\\src\\agent\\knowledge-graph.service.ts": {"lines":{"total":58,"covered":52,"skipped":0,"pct":89.65},"functions":{"total":7,"covered":7,"skipped":0,"pct":100},"statements":{"total":64,"covered":57,"skipped":0,"pct":89.06},"branches":{"total":30,"covered":19,"skipped":0,"pct":63.33}}
,"D:\\rouca\\DVM\\workPlace\\dxb_real\\apps\\api\\src\\agent\\model-router.service.ts": {"lines":{"total":5,"covered":5,"skipped":0,"pct":100},"functions":{"total":1,"covered":1,"skipped":0,"pct":100},"statements":{"total":7,"covered":7,"skipped":0,"pct":100},"branches":{"total":2,"covered":2,"skipped":0,"pct":100}}
,"D:\\rouca\\DVM\\workPlace\\dxb_real\\apps\\api\\src\\agent\\organizational-intelligence.controller.ts": {"lines":{"total":20,"covered":0,"skipped":0,"pct":0},"functions":{"total":4,"covered":0,"skipped":0,"pct":0},"statements":{"total":22,"covered":0,"skipped":0,"pct":0},"branches":{"total":18,"covered":0,"skipped":0,"pct":0}}
,"D:\\rouca\\DVM\\workPlace\\dxb_real\\apps\\api\\src\\agent\\prompt-optimizer.service.ts": {"lines":{"total":31,"covered":22,"skipped":0,"pct":70.96},"functions":{"total":5,"covered":4,"skipped":0,"pct":80},"statements":{"total":33,"covered":24,"skipped":0,"pct":72.72},"branches":{"total":24,"covered":14,"skipped":0,"pct":58.33}}
,"D:\\rouca\\DVM\\workPlace\\dxb_real\\apps\\api\\src\\agent\\prompt-registry.controller.ts": {"lines":{"total":10,"covered":0,"skipped":0,"pct":0},"functions":{"total":4,"covered":0,"skipped":0,"pct":0},"statements":{"total":12,"covered":0,"skipped":0,"pct":0},"branches":{"total":6,"covered":0,"skipped":0,"pct":0}}
,"D:\\rouca\\DVM\\workPlace\\dxb_real\\apps\\api\\src\\agent\\prompt-registry.service.ts": {"lines":{"total":32,"covered":4,"skipped":0,"pct":12.5},"functions":{"total":6,"covered":0,"skipped":0,"pct":0},"statements":{"total":36,"covered":6,"skipped":0,"pct":16.66},"branches":{"total":19,"covered":3,"skipped":0,"pct":15.78}}
,"D:\\rouca\\DVM\\workPlace\\dxb_real\\apps\\api\\src\\agent\\quality-gate.controller.ts": {"lines":{"total":18,"covered":0,"skipped":0,"pct":0},"functions":{"total":5,"covered":0,"skipped":0,"pct":0},"statements":{"total":20,"covered":0,"skipped":0,"pct":0},"branches":{"total":12,"covered":0,"skipped":0,"pct":0}}
,"D:\\rouca\\DVM\\workPlace\\dxb_real\\apps\\api\\src\\agent\\secure-anonymizer.service.ts": {"lines":{"total":18,"covered":18,"skipped":0,"pct":100},"functions":{"total":3,"covered":3,"skipped":0,"pct":100},"statements":{"total":20,"covered":20,"skipped":0,"pct":100},"branches":{"total":0,"covered":0,"skipped":0,"pct":100}}
,"D:\\rouca\\DVM\\workPlace\\dxb_real\\apps\\api\\src\\agent\\self-opt-governance.controller.ts": {"lines":{"total":16,"covered":0,"skipped":0,"pct":0},"functions":{"total":5,"covered":0,"skipped":0,"pct":0},"statements":{"total":18,"covered":0,"skipped":0,"pct":0},"branches":{"total":9,"covered":0,"skipped":0,"pct":0}}
,"D:\\rouca\\DVM\\workPlace\\dxb_real\\apps\\api\\src\\agent\\syscall-handler.service.ts": {"lines":{"total":45,"covered":36,"skipped":0,"pct":80},"functions":{"total":4,"covered":2,"skipped":0,"pct":50},"statements":{"total":47,"covered":38,"skipped":0,"pct":80.85},"branches":{"total":36,"covered":24,"skipped":0,"pct":66.66}}
,"D:\\rouca\\DVM\\workPlace\\dxb_real\\apps\\api\\src\\agent\\runtime\\agent-runtime.core.ts": {"lines":{"total":60,"covered":58,"skipped":0,"pct":96.66},"functions":{"total":4,"covered":4,"skipped":0,"pct":100},"statements":{"total":61,"covered":59,"skipped":0,"pct":96.72},"branches":{"total":28,"covered":20,"skipped":0,"pct":71.42}}
,"D:\\rouca\\DVM\\workPlace\\dxb_real\\apps\\api\\src\\agent\\runtime\\agent-scheduler.service.ts": {"lines":{"total":53,"covered":3,"skipped":0,"pct":5.66},"functions":{"total":10,"covered":0,"skipped":0,"pct":0},"statements":{"total":55,"covered":5,"skipped":0,"pct":9.09},"branches":{"total":42,"covered":3,"skipped":0,"pct":7.14}}
,"D:\\rouca\\DVM\\workPlace\\dxb_real\\apps\\api\\src\\agent\\runtime\\evaluation-harness.ts": {"lines":{"total":8,"covered":8,"skipped":0,"pct":100},"functions":{"total":2,"covered":2,"skipped":0,"pct":100},"statements":{"total":8,"covered":8,"skipped":0,"pct":100},"branches":{"total":6,"covered":5,"skipped":0,"pct":83.33}}
,"D:\\rouca\\DVM\\workPlace\\dxb_real\\apps\\api\\src\\agent\\runtime\\index.ts": {"lines":{"total":8,"covered":8,"skipped":0,"pct":100},"functions":{"total":0,"covered":0,"skipped":0,"pct":100},"statements":{"total":8,"covered":8,"skipped":0,"pct":100},"branches":{"total":0,"covered":0,"skipped":0,"pct":100}}
,"D:\\rouca\\DVM\\workPlace\\dxb_real\\apps\\api\\src\\agent\\runtime\\policy-engine.ts": {"lines":{"total":23,"covered":22,"skipped":0,"pct":95.65},"functions":{"total":3,"covered":3,"skipped":0,"pct":100},"statements":{"total":24,"covered":23,"skipped":0,"pct":95.83},"branches":{"total":20,"covered":17,"skipped":0,"pct":85}}
,"D:\\rouca\\DVM\\workPlace\\dxb_real\\apps\\api\\src\\agent\\runtime\\react-engine.ts": {"lines":{"total":101,"covered":73,"skipped":0,"pct":72.27},"functions":{"total":7,"covered":5,"skipped":0,"pct":71.42},"statements":{"total":101,"covered":73,"skipped":0,"pct":72.27},"branches":{"total":64,"covered":43,"skipped":0,"pct":67.18}}
,"D:\\rouca\\DVM\\workPlace\\dxb_real\\apps\\api\\src\\agent\\runtime\\reflection.engine.ts": {"lines":{"total":44,"covered":34,"skipped":0,"pct":77.27},"functions":{"total":6,"covered":5,"skipped":0,"pct":83.33},"statements":{"total":47,"covered":36,"skipped":0,"pct":76.59},"branches":{"total":49,"covered":35,"skipped":0,"pct":71.42}}
,"D:\\rouca\\DVM\\workPlace\\dxb_real\\apps\\api\\src\\agent\\runtime\\registries.ts": {"lines":{"total":12,"covered":12,"skipped":0,"pct":100},"functions":{"total":8,"covered":8,"skipped":0,"pct":100},"statements":{"total":12,"covered":12,"skipped":0,"pct":100},"branches":{"total":0,"covered":0,"skipped":0,"pct":100}}
,"D:\\rouca\\DVM\\workPlace\\dxb_real\\apps\\api\\src\\auth\\auth.controller.ts": {"lines":{"total":19,"covered":0,"skipped":0,"pct":0},"functions":{"total":4,"covered":0,"skipped":0,"pct":0},"statements":{"total":21,"covered":0,"skipped":0,"pct":0},"branches":{"total":8,"covered":0,"skipped":0,"pct":0}}
,"D:\\rouca\\DVM\\workPlace\\dxb_real\\apps\\api\\src\\auth\\auth.module.ts": {"lines":{"total":7,"covered":0,"skipped":0,"pct":0},"functions":{"total":0,"covered":0,"skipped":0,"pct":100},"statements":{"total":9,"covered":0,"skipped":0,"pct":0},"branches":{"total":0,"covered":0,"skipped":0,"pct":100}}
,"D:\\rouca\\DVM\\workPlace\\dxb_real\\apps\\api\\src\\auth\\auth.service.ts": {"lines":{"total":35,"covered":0,"skipped":0,"pct":0},"functions":{"total":4,"covered":0,"skipped":0,"pct":0},"statements":{"total":37,"covered":0,"skipped":0,"pct":0},"branches":{"total":18,"covered":0,"skipped":0,"pct":0}}
,"D:\\rouca\\DVM\\workPlace\\dxb_real\\apps\\api\\src\\auth\\current-user.decorator.ts": {"lines":{"total":4,"covered":2,"skipped":0,"pct":50},"functions":{"total":1,"covered":0,"skipped":0,"pct":0},"statements":{"total":4,"covered":2,"skipped":0,"pct":50},"branches":{"total":0,"covered":0,"skipped":0,"pct":100}}
,"D:\\rouca\\DVM\\workPlace\\dxb_real\\apps\\api\\src\\auth\\jwt-auth.guard.ts": {"lines":{"total":3,"covered":3,"skipped":0,"pct":100},"functions":{"total":0,"covered":0,"skipped":0,"pct":100},"statements":{"total":5,"covered":5,"skipped":0,"pct":100},"branches":{"total":0,"covered":0,"skipped":0,"pct":100}}
,"D:\\rouca\\DVM\\workPlace\\dxb_real\\apps\\api\\src\\auth\\jwt.strategy.ts": {"lines":{"total":11,"covered":0,"skipped":0,"pct":0},"functions":{"total":2,"covered":0,"skipped":0,"pct":0},"statements":{"total":13,"covered":0,"skipped":0,"pct":0},"branches":{"total":6,"covered":0,"skipped":0,"pct":0}}
,"D:\\rouca\\DVM\\workPlace\\dxb_real\\apps\\api\\src\\auth\\rate-limiter.guard.ts": {"lines":{"total":39,"covered":0,"skipped":0,"pct":0},"functions":{"total":6,"covered":0,"skipped":0,"pct":0},"statements":{"total":41,"covered":0,"skipped":0,"pct":0},"branches":{"total":24,"covered":0,"skipped":0,"pct":0}}
,"D:\\rouca\\DVM\\workPlace\\dxb_real\\apps\\api\\src\\auth\\workspace-membership.guard.ts": {"lines":{"total":23,"covered":19,"skipped":0,"pct":82.6},"functions":{"total":2,"covered":2,"skipped":0,"pct":100},"statements":{"total":25,"covered":21,"skipped":0,"pct":84},"branches":{"total":18,"covered":12,"skipped":0,"pct":66.66}}
,"D:\\rouca\\DVM\\workPlace\\dxb_real\\apps\\api\\src\\committee\\committee.controller.ts": {"lines":{"total":15,"covered":0,"skipped":0,"pct":0},"functions":{"total":3,"covered":0,"skipped":0,"pct":0},"statements":{"total":17,"covered":0,"skipped":0,"pct":0},"branches":{"total":6,"covered":0,"skipped":0,"pct":0}}
,"D:\\rouca\\DVM\\workPlace\\dxb_real\\apps\\api\\src\\committee\\committee.module.ts": {"lines":{"total":6,"covered":0,"skipped":0,"pct":0},"functions":{"total":0,"covered":0,"skipped":0,"pct":100},"statements":{"total":8,"covered":0,"skipped":0,"pct":0},"branches":{"total":0,"covered":0,"skipped":0,"pct":100}}
,"D:\\rouca\\DVM\\workPlace\\dxb_real\\apps\\api\\src\\committee\\committee.service.ts": {"lines":{"total":100,"covered":0,"skipped":0,"pct":0},"functions":{"total":6,"covered":0,"skipped":0,"pct":0},"statements":{"total":104,"covered":0,"skipped":0,"pct":0},"branches":{"total":104,"covered":0,"skipped":0,"pct":0}}
,"D:\\rouca\\DVM\\workPlace\\dxb_real\\apps\\api\\src\\copilot\\copilot.controller.ts": {"lines":{"total":13,"covered":0,"skipped":0,"pct":0},"functions":{"total":2,"covered":0,"skipped":0,"pct":0},"statements":{"total":15,"covered":0,"skipped":0,"pct":0},"branches":{"total":6,"covered":0,"skipped":0,"pct":0}}
,"D:\\rouca\\DVM\\workPlace\\dxb_real\\apps\\api\\src\\copilot\\copilot.module.ts": {"lines":{"total":6,"covered":0,"skipped":0,"pct":0},"functions":{"total":0,"covered":0,"skipped":0,"pct":100},"statements":{"total":8,"covered":0,"skipped":0,"pct":0},"branches":{"total":0,"covered":0,"skipped":0,"pct":100}}
,"D:\\rouca\\DVM\\workPlace\\dxb_real\\apps\\api\\src\\copilot\\copilot.service.ts": {"lines":{"total":122,"covered":48,"skipped":0,"pct":39.34},"functions":{"total":7,"covered":2,"skipped":0,"pct":28.57},"statements":{"total":124,"covered":50,"skipped":0,"pct":40.32},"branches":{"total":117,"covered":41,"skipped":0,"pct":35.04}}
,"D:\\rouca\\DVM\\workPlace\\dxb_real\\apps\\api\\src\\daily-brief\\daily-brief.controller.ts": {"lines":{"total":10,"covered":0,"skipped":0,"pct":0},"functions":{"total":3,"covered":0,"skipped":0,"pct":0},"statements":{"total":12,"covered":0,"skipped":0,"pct":0},"branches":{"total":4,"covered":0,"skipped":0,"pct":0}}
,"D:\\rouca\\DVM\\workPlace\\dxb_real\\apps\\api\\src\\daily-brief\\daily-brief.module.ts": {"lines":{"total":6,"covered":0,"skipped":0,"pct":0},"functions":{"total":0,"covered":0,"skipped":0,"pct":100},"statements":{"total":8,"covered":0,"skipped":0,"pct":0},"branches":{"total":0,"covered":0,"skipped":0,"pct":100}}
,"D:\\rouca\\DVM\\workPlace\\dxb_real\\apps\\api\\src\\daily-brief\\daily-brief.service.ts": {"lines":{"total":33,"covered":0,"skipped":0,"pct":0},"functions":{"total":6,"covered":0,"skipped":0,"pct":0},"statements":{"total":35,"covered":0,"skipped":0,"pct":0},"branches":{"total":16,"covered":0,"skipped":0,"pct":0}}
,"D:\\rouca\\DVM\\workPlace\\dxb_real\\apps\\api\\src\\database\\audit-log.service.ts": {"lines":{"total":7,"covered":7,"skipped":0,"pct":100},"functions":{"total":4,"covered":4,"skipped":0,"pct":100},"statements":{"total":9,"covered":9,"skipped":0,"pct":100},"branches":{"total":4,"covered":3,"skipped":0,"pct":75}}
,"D:\\rouca\\DVM\\workPlace\\dxb_real\\apps\\api\\src\\database\\database.module.ts": {"lines":{"total":4,"covered":0,"skipped":0,"pct":0},"functions":{"total":0,"covered":0,"skipped":0,"pct":100},"statements":{"total":6,"covered":0,"skipped":0,"pct":0},"branches":{"total":0,"covered":0,"skipped":0,"pct":100}}
,"D:\\rouca\\DVM\\workPlace\\dxb_real\\apps\\api\\src\\database\\database.service.ts": {"lines":{"total":37,"covered":3,"skipped":0,"pct":8.1},"functions":{"total":2,"covered":0,"skipped":0,"pct":0},"statements":{"total":39,"covered":5,"skipped":0,"pct":12.82},"branches":{"total":20,"covered":0,"skipped":0,"pct":0}}
,"D:\\rouca\\DVM\\workPlace\\dxb_real\\apps\\api\\src\\deal-finder\\deal-finder.controller.ts": {"lines":{"total":8,"covered":0,"skipped":0,"pct":0},"functions":{"total":2,"covered":0,"skipped":0,"pct":0},"statements":{"total":10,"covered":0,"skipped":0,"pct":0},"branches":{"total":4,"covered":0,"skipped":0,"pct":0}}
,"D:\\rouca\\DVM\\workPlace\\dxb_real\\apps\\api\\src\\deal-finder\\deal-finder.module.ts": {"lines":{"total":5,"covered":0,"skipped":0,"pct":0},"functions":{"total":0,"covered":0,"skipped":0,"pct":100},"statements":{"total":7,"covered":0,"skipped":0,"pct":0},"branches":{"total":0,"covered":0,"skipped":0,"pct":100}}
,"D:\\rouca\\DVM\\workPlace\\dxb_real\\apps\\api\\src\\deal-finder\\deal-finder.service.ts": {"lines":{"total":68,"covered":54,"skipped":0,"pct":79.41},"functions":{"total":4,"covered":4,"skipped":0,"pct":100},"statements":{"total":81,"covered":59,"skipped":0,"pct":72.83},"branches":{"total":69,"covered":32,"skipped":0,"pct":46.37}}
,"D:\\rouca\\DVM\\workPlace\\dxb_real\\apps\\api\\src\\document\\document.controller.ts": {"lines":{"total":15,"covered":0,"skipped":0,"pct":0},"functions":{"total":3,"covered":0,"skipped":0,"pct":0},"statements":{"total":17,"covered":0,"skipped":0,"pct":0},"branches":{"total":6,"covered":0,"skipped":0,"pct":0}}
,"D:\\rouca\\DVM\\workPlace\\dxb_real\\apps\\api\\src\\document\\document.module.ts": {"lines":{"total":6,"covered":0,"skipped":0,"pct":0},"functions":{"total":0,"covered":0,"skipped":0,"pct":100},"statements":{"total":8,"covered":0,"skipped":0,"pct":0},"branches":{"total":0,"covered":0,"skipped":0,"pct":100}}
,"D:\\rouca\\DVM\\workPlace\\dxb_real\\apps\\api\\src\\document\\document.service.ts": {"lines":{"total":59,"covered":0,"skipped":0,"pct":0},"functions":{"total":5,"covered":0,"skipped":0,"pct":0},"statements":{"total":63,"covered":0,"skipped":0,"pct":0},"branches":{"total":54,"covered":0,"skipped":0,"pct":0}}
,"D:\\rouca\\DVM\\workPlace\\dxb_real\\apps\\api\\src\\document\\embedding.service.ts": {"lines":{"total":31,"covered":4,"skipped":0,"pct":12.9},"functions":{"total":5,"covered":0,"skipped":0,"pct":0},"statements":{"total":34,"covered":6,"skipped":0,"pct":17.64},"branches":{"total":11,"covered":3,"skipped":0,"pct":27.27}}
,"D:\\rouca\\DVM\\workPlace\\dxb_real\\apps\\api\\src\\event\\event.controller.ts": {"lines":{"total":7,"covered":0,"skipped":0,"pct":0},"functions":{"total":2,"covered":0,"skipped":0,"pct":0},"statements":{"total":9,"covered":0,"skipped":0,"pct":0},"branches":{"total":4,"covered":0,"skipped":0,"pct":0}}
,"D:\\rouca\\DVM\\workPlace\\dxb_real\\apps\\api\\src\\event\\event.module.ts": {"lines":{"total":5,"covered":0,"skipped":0,"pct":0},"functions":{"total":0,"covered":0,"skipped":0,"pct":100},"statements":{"total":7,"covered":0,"skipped":0,"pct":0},"branches":{"total":0,"covered":0,"skipped":0,"pct":100}}
,"D:\\rouca\\DVM\\workPlace\\dxb_real\\apps\\api\\src\\event\\event.service.ts": {"lines":{"total":5,"covered":0,"skipped":0,"pct":0},"functions":{"total":2,"covered":0,"skipped":0,"pct":0},"statements":{"total":7,"covered":0,"skipped":0,"pct":0},"branches":{"total":4,"covered":0,"skipped":0,"pct":0}}
,"D:\\rouca\\DVM\\workPlace\\dxb_real\\apps\\api\\src\\event\\forex.service.ts": {"lines":{"total":33,"covered":4,"skipped":0,"pct":12.12},"functions":{"total":5,"covered":0,"skipped":0,"pct":0},"statements":{"total":36,"covered":6,"skipped":0,"pct":16.66},"branches":{"total":22,"covered":3,"skipped":0,"pct":13.63}}
,"D:\\rouca\\DVM\\workPlace\\dxb_real\\apps\\api\\src\\evidence\\evidence.controller.ts": {"lines":{"total":8,"covered":0,"skipped":0,"pct":0},"functions":{"total":2,"covered":0,"skipped":0,"pct":0},"statements":{"total":10,"covered":0,"skipped":0,"pct":0},"branches":{"total":4,"covered":0,"skipped":0,"pct":0}}
,"D:\\rouca\\DVM\\workPlace\\dxb_real\\apps\\api\\src\\evidence\\evidence.module.ts": {"lines":{"total":5,"covered":0,"skipped":0,"pct":0},"functions":{"total":0,"covered":0,"skipped":0,"pct":100},"statements":{"total":7,"covered":0,"skipped":0,"pct":0},"branches":{"total":0,"covered":0,"skipped":0,"pct":100}}
,"D:\\rouca\\DVM\\workPlace\\dxb_real\\apps\\api\\src\\evidence\\evidence.service.ts": {"lines":{"total":10,"covered":0,"skipped":0,"pct":0},"functions":{"total":3,"covered":0,"skipped":0,"pct":0},"statements":{"total":12,"covered":0,"skipped":0,"pct":0},"branches":{"total":16,"covered":0,"skipped":0,"pct":0}}
,"D:\\rouca\\DVM\\workPlace\\dxb_real\\apps\\api\\src\\investor-profile\\investor-profile.controller.ts": {"lines":{"total":22,"covered":0,"skipped":0,"pct":0},"functions":{"total":5,"covered":0,"skipped":0,"pct":0},"statements":{"total":24,"covered":0,"skipped":0,"pct":0},"branches":{"total":8,"covered":0,"skipped":0,"pct":0}}
,"D:\\rouca\\DVM\\workPlace\\dxb_real\\apps\\api\\src\\investor-profile\\investor-profile.module.ts": {"lines":{"total":5,"covered":0,"skipped":0,"pct":0},"functions":{"total":0,"covered":0,"skipped":0,"pct":100},"statements":{"total":7,"covered":0,"skipped":0,"pct":0},"branches":{"total":0,"covered":0,"skipped":0,"pct":100}}
,"D:\\rouca\\DVM\\workPlace\\dxb_real\\apps\\api\\src\\investor-profile\\investor-profile.service.ts": {"lines":{"total":19,"covered":0,"skipped":0,"pct":0},"functions":{"total":6,"covered":0,"skipped":0,"pct":0},"statements":{"total":22,"covered":0,"skipped":0,"pct":0},"branches":{"total":18,"covered":0,"skipped":0,"pct":0}}
,"D:\\rouca\\DVM\\workPlace\\dxb_real\\apps\\api\\src\\portfolio\\portfolio.controller.ts": {"lines":{"total":21,"covered":0,"skipped":0,"pct":0},"functions":{"total":5,"covered":0,"skipped":0,"pct":0},"statements":{"total":23,"covered":0,"skipped":0,"pct":0},"branches":{"total":8,"covered":0,"skipped":0,"pct":0}}
,"D:\\rouca\\DVM\\workPlace\\dxb_real\\apps\\api\\src\\portfolio\\portfolio.module.ts": {"lines":{"total":4,"covered":0,"skipped":0,"pct":0},"functions":{"total":0,"covered":0,"skipped":0,"pct":100},"statements":{"total":6,"covered":0,"skipped":0,"pct":0},"branches":{"total":0,"covered":0,"skipped":0,"pct":100}}
,"D:\\rouca\\DVM\\workPlace\\dxb_real\\apps\\api\\src\\portfolio\\portfolio.service.ts": {"lines":{"total":24,"covered":0,"skipped":0,"pct":0},"functions":{"total":9,"covered":0,"skipped":0,"pct":0},"statements":{"total":28,"covered":0,"skipped":0,"pct":0},"branches":{"total":28,"covered":0,"skipped":0,"pct":0}}
,"D:\\rouca\\DVM\\workPlace\\dxb_real\\apps\\api\\src\\shortlist\\shortlist.controller.ts": {"lines":{"total":22,"covered":0,"skipped":0,"pct":0},"functions":{"total":5,"covered":0,"skipped":0,"pct":0},"statements":{"total":24,"covered":0,"skipped":0,"pct":0},"branches":{"total":8,"covered":0,"skipped":0,"pct":0}}
,"D:\\rouca\\DVM\\workPlace\\dxb_real\\apps\\api\\src\\shortlist\\shortlist.module.ts": {"lines":{"total":5,"covered":0,"skipped":0,"pct":0},"functions":{"total":0,"covered":0,"skipped":0,"pct":100},"statements":{"total":7,"covered":0,"skipped":0,"pct":0},"branches":{"total":0,"covered":0,"skipped":0,"pct":100}}
,"D:\\rouca\\DVM\\workPlace\\dxb_real\\apps\\api\\src\\shortlist\\shortlist.service.ts": {"lines":{"total":17,"covered":0,"skipped":0,"pct":0},"functions":{"total":5,"covered":0,"skipped":0,"pct":0},"statements":{"total":19,"covered":0,"skipped":0,"pct":0},"branches":{"total":16,"covered":0,"skipped":0,"pct":0}}
,"D:\\rouca\\DVM\\workPlace\\dxb_real\\apps\\api\\src\\underwrite\\underwrite.controller.ts": {"lines":{"total":12,"covered":0,"skipped":0,"pct":0},"functions":{"total":2,"covered":0,"skipped":0,"pct":0},"statements":{"total":14,"covered":0,"skipped":0,"pct":0},"branches":{"total":6,"covered":0,"skipped":0,"pct":0}}
,"D:\\rouca\\DVM\\workPlace\\dxb_real\\apps\\api\\src\\underwrite\\underwrite.module.ts": {"lines":{"total":6,"covered":0,"skipped":0,"pct":0},"functions":{"total":0,"covered":0,"skipped":0,"pct":100},"statements":{"total":8,"covered":0,"skipped":0,"pct":0},"branches":{"total":0,"covered":0,"skipped":0,"pct":100}}
,"D:\\rouca\\DVM\\workPlace\\dxb_real\\apps\\api\\src\\underwrite\\underwrite.service.ts": {"lines":{"total":66,"covered":38,"skipped":0,"pct":57.57},"functions":{"total":2,"covered":2,"skipped":0,"pct":100},"statements":{"total":68,"covered":40,"skipped":0,"pct":58.82},"branches":{"total":49,"covered":23,"skipped":0,"pct":46.93}}
,"D:\\rouca\\DVM\\workPlace\\dxb_real\\apps\\api\\src\\workspace\\workspace.controller.ts": {"lines":{"total":14,"covered":0,"skipped":0,"pct":0},"functions":{"total":3,"covered":0,"skipped":0,"pct":0},"statements":{"total":16,"covered":0,"skipped":0,"pct":0},"branches":{"total":6,"covered":0,"skipped":0,"pct":0}}
,"D:\\rouca\\DVM\\workPlace\\dxb_real\\apps\\api\\src\\workspace\\workspace.module.ts": {"lines":{"total":4,"covered":0,"skipped":0,"pct":0},"functions":{"total":0,"covered":0,"skipped":0,"pct":100},"statements":{"total":6,"covered":0,"skipped":0,"pct":0},"branches":{"total":0,"covered":0,"skipped":0,"pct":100}}
,"D:\\rouca\\DVM\\workPlace\\dxb_real\\apps\\api\\src\\workspace\\workspace.service.ts": {"lines":{"total":9,"covered":0,"skipped":0,"pct":0},"functions":{"total":3,"covered":0,"skipped":0,"pct":0},"statements":{"total":11,"covered":0,"skipped":0,"pct":0},"branches":{"total":6,"covered":0,"skipped":0,"pct":0}}
}
